Analysis & Synthesis report for Lab11_KeyPad
Tue Dec 06 15:49:16 2022
Quartus Prime Version 16.1.0 Build 196 10/24/2016 SJ Lite Edition


---------------------
; Table of Contents ;
---------------------
  1. Legal Notice
  2. Analysis & Synthesis Summary
  3. Analysis & Synthesis Settings
  4. Parallel Compilation
  5. Analysis & Synthesis Source Files Read
  6. Analysis & Synthesis Resource Usage Summary
  7. Analysis & Synthesis Resource Utilization by Entity
  8. Registers Removed During Synthesis
  9. General Register Statistics
 10. Inverted Register Statistics
 11. Multiplexer Restructuring Statistics (Restructuring Performed)
 12. Post-Synthesis Netlist Statistics for Top Partition
 13. Elapsed Time Per Partition
 14. Analysis & Synthesis Messages
 15. Analysis & Synthesis Suppressed Messages



----------------
; Legal Notice ;
----------------
Copyright (C) 2016  Intel Corporation. All rights reserved.
Your use of Intel Corporation's design tools, logic functions 
and other software and tools, and its AMPP partner logic 
functions, and any output files from any of the foregoing 
(including device programming or simulation files), and any 
associated documentation or information are expressly subject 
to the terms and conditions of the Intel Program License 
Subscription Agreement, the Intel Quartus Prime License Agreement,
the Intel MegaCore Function License Agreement, or other 
applicable license agreement, including, without limitation, 
that your use is for the sole purpose of programming logic 
devices manufactured by Intel and sold by Intel or its 
authorized distributors.  Please refer to the applicable 
agreement for further details.



+-------------------------------------------------------------------------------+
; Analysis & Synthesis Summary                                                  ;
+---------------------------------+---------------------------------------------+
; Analysis & Synthesis Status     ; Successful - Tue Dec 06 15:49:16 2022       ;
; Quartus Prime Version           ; 16.1.0 Build 196 10/24/2016 SJ Lite Edition ;
; Revision Name                   ; Lab11_KeyPad                                ;
; Top-level Entity Name           ; Lab11_KeyPad                                ;
; Family                          ; Cyclone V                                   ;
; Logic utilization (in ALMs)     ; N/A                                         ;
; Total registers                 ; 108                                         ;
; Total pins                      ; 26                                          ;
; Total virtual pins              ; 0                                           ;
; Total block memory bits         ; 0                                           ;
; Total DSP Blocks                ; 0                                           ;
; Total HSSI RX PCSs              ; 0                                           ;
; Total HSSI PMA RX Deserializers ; 0                                           ;
; Total HSSI TX PCSs              ; 0                                           ;
; Total HSSI PMA TX Serializers   ; 0                                           ;
; Total PLLs                      ; 0                                           ;
; Total DLLs                      ; 0                                           ;
+---------------------------------+---------------------------------------------+


+---------------------------------------------------------------------------------------------------------------------------+
; Analysis & Synthesis Settings                                                                                             ;
+---------------------------------------------------------------------------------+--------------------+--------------------+
; Option                                                                          ; Setting            ; Default Value      ;
+---------------------------------------------------------------------------------+--------------------+--------------------+
; Device                                                                          ; 5CEFA4F23C7        ;                    ;
; Top-level entity name                                                           ; Lab11_KeyPad       ; Lab11_KeyPad       ;
; Family name                                                                     ; Cyclone V          ; Cyclone V          ;
; Use smart compilation                                                           ; Off                ; Off                ;
; Enable parallel Assembler and TimeQuest Timing Analyzer during compilation      ; On                 ; On                 ;
; Enable compact report table                                                     ; Off                ; Off                ;
; Restructure Multiplexers                                                        ; Auto               ; Auto               ;
; MLAB Add Timing Constraints For Mixed-Port Feed-Through Mode Setting Don't Care ; Off                ; Off                ;
; Create Debugging Nodes for IP Cores                                             ; Off                ; Off                ;
; Preserve fewer node names                                                       ; On                 ; On                 ;
; OpenCore Plus hardware evaluation                                               ; Enable             ; Enable             ;
; Verilog Version                                                                 ; Verilog_2001       ; Verilog_2001       ;
; VHDL Version                                                                    ; VHDL_1993          ; VHDL_1993          ;
; State Machine Processing                                                        ; Auto               ; Auto               ;
; Safe State Machine                                                              ; Off                ; Off                ;
; Extract Verilog State Machines                                                  ; On                 ; On                 ;
; Extract VHDL State Machines                                                     ; On                 ; On                 ;
; Ignore Verilog initial constructs                                               ; Off                ; Off                ;
; Iteration limit for constant Verilog loops                                      ; 5000               ; 5000               ;
; Iteration limit for non-constant Verilog loops                                  ; 250                ; 250                ;
; Add Pass-Through Logic to Inferred RAMs                                         ; On                 ; On                 ;
; Infer RAMs from Raw Logic                                                       ; On                 ; On                 ;
; Parallel Synthesis                                                              ; On                 ; On                 ;
; DSP Block Balancing                                                             ; Auto               ; Auto               ;
; NOT Gate Push-Back                                                              ; On                 ; On                 ;
; Power-Up Don't Care                                                             ; On                 ; On                 ;
; Remove Redundant Logic Cells                                                    ; Off                ; Off                ;
; Remove Duplicate Registers                                                      ; On                 ; On                 ;
; Ignore CARRY Buffers                                                            ; Off                ; Off                ;
; Ignore CASCADE Buffers                                                          ; Off                ; Off                ;
; Ignore GLOBAL Buffers                                                           ; Off                ; Off                ;
; Ignore ROW GLOBAL Buffers                                                       ; Off                ; Off                ;
; Ignore LCELL Buffers                                                            ; Off                ; Off                ;
; Ignore SOFT Buffers                                                             ; On                 ; On                 ;
; Limit AHDL Integers to 32 Bits                                                  ; Off                ; Off                ;
; Optimization Technique                                                          ; Balanced           ; Balanced           ;
; Carry Chain Length                                                              ; 70                 ; 70                 ;
; Auto Carry Chains                                                               ; On                 ; On                 ;
; Auto Open-Drain Pins                                                            ; On                 ; On                 ;
; Perform WYSIWYG Primitive Resynthesis                                           ; Off                ; Off                ;
; Auto ROM Replacement                                                            ; On                 ; On                 ;
; Auto RAM Replacement                                                            ; On                 ; On                 ;
; Auto DSP Block Replacement                                                      ; On                 ; On                 ;
; Auto Shift Register Replacement                                                 ; Auto               ; Auto               ;
; Allow Shift Register Merging across Hierarchies                                 ; Auto               ; Auto               ;
; Auto Clock Enable Replacement                                                   ; On                 ; On                 ;
; Strict RAM Replacement                                                          ; Off                ; Off                ;
; Allow Synchronous Control Signals                                               ; On                 ; On                 ;
; Force Use of Synchronous Clear Signals                                          ; Off                ; Off                ;
; Auto Resource Sharing                                                           ; Off                ; Off                ;
; Allow Any RAM Size For Recognition                                              ; Off                ; Off                ;
; Allow Any ROM Size For Recognition                                              ; Off                ; Off                ;
; Allow Any Shift Register Size For Recognition                                   ; Off                ; Off                ;
; Use LogicLock Constraints during Resource Balancing                             ; On                 ; On                 ;
; Ignore translate_off and synthesis_off directives                               ; Off                ; Off                ;
; Timing-Driven Synthesis                                                         ; On                 ; On                 ;
; Report Parameter Settings                                                       ; On                 ; On                 ;
; Report Source Assignments                                                       ; On                 ; On                 ;
; Report Connectivity Checks                                                      ; On                 ; On                 ;
; Ignore Maximum Fan-Out Assignments                                              ; Off                ; Off                ;
; Synchronization Register Chain Length                                           ; 3                  ; 3                  ;
; PowerPlay Power Optimization During Synthesis                                   ; Normal compilation ; Normal compilation ;
; HDL message level                                                               ; Level2             ; Level2             ;
; Suppress Register Optimization Related Messages                                 ; Off                ; Off                ;
; Number of Removed Registers Reported in Synthesis Report                        ; 5000               ; 5000               ;
; Number of Swept Nodes Reported in Synthesis Report                              ; 5000               ; 5000               ;
; Number of Inverted Registers Reported in Synthesis Report                       ; 100                ; 100                ;
; Clock MUX Protection                                                            ; On                 ; On                 ;
; Auto Gated Clock Conversion                                                     ; Off                ; Off                ;
; Block Design Naming                                                             ; Auto               ; Auto               ;
; SDC constraint protection                                                       ; Off                ; Off                ;
; Synthesis Effort                                                                ; Auto               ; Auto               ;
; Shift Register Replacement - Allow Asynchronous Clear Signal                    ; On                 ; On                 ;
; Pre-Mapping Resynthesis Optimization                                            ; Off                ; Off                ;
; Analysis & Synthesis Message Level                                              ; Medium             ; Medium             ;
; Disable Register Merging Across Hierarchies                                     ; Auto               ; Auto               ;
; Resource Aware Inference For Block RAM                                          ; On                 ; On                 ;
; Automatic Parallel Synthesis                                                    ; On                 ; On                 ;
; Partial Reconfiguration Bitstream ID                                            ; Off                ; Off                ;
+---------------------------------------------------------------------------------+--------------------+--------------------+


+------------------------------------------+
; Parallel Compilation                     ;
+----------------------------+-------------+
; Processors                 ; Number      ;
+----------------------------+-------------+
; Number detected on machine ; 16          ;
; Maximum allowed            ; 8           ;
;                            ;             ;
; Average used               ; 1.00        ;
; Maximum used               ; 8           ;
;                            ;             ;
; Usage by Processor         ; % Time Used ;
;     Processor 1            ; 100.0%      ;
;     Processors 2-8         ;   0.0%      ;
+----------------------------+-------------+


+---------------------------------------------------------------------------------------------------------------------------------------------+
; Analysis & Synthesis Source Files Read                                                                                                      ;
+----------------------------------+-----------------+------------------------+-----------------------------------------------------+---------+
; File Name with User-Entered Path ; Used in Netlist ; File Type              ; File Name with Absolute Path                        ; Library ;
+----------------------------------+-----------------+------------------------+-----------------------------------------------------+---------+
; Lab11_KeyPad.v                   ; yes             ; User Verilog HDL File  ; C:/Users/user/Downloads/Lab11/Lab11_KeyPad.v        ;         ;
; FrequencyDivider.v               ; yes             ; User Verilog HDL File  ; C:/Users/user/Downloads/Lab11/FrequencyDivider.v    ;         ;
; checkkeypad.v                    ; yes             ; User Verilog HDL File  ; C:/Users/user/Downloads/Lab11/checkkeypad.v         ;         ;
; DotMatrixController.v            ; yes             ; User Verilog HDL File  ; C:/Users/user/Downloads/Lab11/DotMatrixController.v ;         ;
; FrequencyDivider2.v              ; yes             ; User Verilog HDL File  ; C:/Users/user/Downloads/Lab11/FrequencyDivider2.v   ;         ;
+----------------------------------+-----------------+------------------------+-----------------------------------------------------+---------+


+-----------------------------------------------------------+
; Analysis & Synthesis Resource Usage Summary               ;
+---------------------------------------------+-------------+
; Resource                                    ; Usage       ;
+---------------------------------------------+-------------+
; Estimate of Logic utilization (ALMs needed) ; 72          ;
;                                             ;             ;
; Combinational ALUT usage for logic          ; 121         ;
;     -- 7 input functions                    ; 0           ;
;     -- 6 input functions                    ; 21          ;
;     -- 5 input functions                    ; 0           ;
;     -- 4 input functions                    ; 21          ;
;     -- <=3 input functions                  ; 79          ;
;                                             ;             ;
; Dedicated logic registers                   ; 108         ;
;                                             ;             ;
; I/O pins                                    ; 26          ;
;                                             ;             ;
; Total DSP Blocks                            ; 0           ;
;                                             ;             ;
; Maximum fan-out node                        ; reset~input ;
; Maximum fan-out                             ; 77          ;
; Total fan-out                               ; 784         ;
; Average fan-out                             ; 2.79        ;
+---------------------------------------------+-------------+


+--------------------------------------------------------------------------------------------------------------------------------------------------------------------------------------------------------------------------------+
; Analysis & Synthesis Resource Utilization by Entity                                                                                                                                                                            ;
+------------------------------------+---------------------+---------------------------+-------------------+------------+------+--------------+---------------------------------------------+---------------------+--------------+
; Compilation Hierarchy Node         ; Combinational ALUTs ; Dedicated Logic Registers ; Block Memory Bits ; DSP Blocks ; Pins ; Virtual Pins ; Full Hierarchy Name                         ; Entity Name         ; Library Name ;
+------------------------------------+---------------------+---------------------------+-------------------+------------+------+--------------+---------------------------------------------+---------------------+--------------+
; |Lab11_KeyPad                      ; 121 (0)             ; 108 (0)                   ; 0                 ; 0          ; 26   ; 0            ; |Lab11_KeyPad                               ; Lab11_KeyPad        ; work         ;
;    |DotMatrixController:dotmatrix| ; 31 (31)             ; 35 (35)                   ; 0                 ; 0          ; 0    ; 0            ; |Lab11_KeyPad|DotMatrixController:dotmatrix ; DotMatrixController ; work         ;
;    |FrequencyDivider2:clk2|        ; 41 (41)             ; 33 (33)                   ; 0                 ; 0          ; 0    ; 0            ; |Lab11_KeyPad|FrequencyDivider2:clk2        ; FrequencyDivider2   ; work         ;
;    |checkkeypad:check_pad|         ; 49 (49)             ; 40 (40)                   ; 0                 ; 0          ; 0    ; 0            ; |Lab11_KeyPad|checkkeypad:check_pad         ; checkkeypad         ; work         ;
+------------------------------------+---------------------+---------------------------+-------------------+------------+------+--------------+---------------------------------------------+---------------------+--------------+
Note: For table entries with two numbers listed, the numbers in parentheses indicate the number of resources of the given type used by the specific entity alone. The numbers listed outside of parentheses indicate the total resources of the given type used by the specific entity and all of its sub-entities in the hierarchy.


+---------------------------------------------------------------------------------------------------------------+
; Registers Removed During Synthesis                                                                            ;
+-------------------------------------------------+-------------------------------------------------------------+
; Register name                                   ; Reason for Removal                                          ;
+-------------------------------------------------+-------------------------------------------------------------+
; DotMatrixController:dotmatrix|dot_col_buf[0][1] ; Merged with DotMatrixController:dotmatrix|dot_col_buf[0][0] ;
; DotMatrixController:dotmatrix|dot_col_buf[1][0] ; Merged with DotMatrixController:dotmatrix|dot_col_buf[0][0] ;
; DotMatrixController:dotmatrix|dot_col_buf[1][1] ; Merged with DotMatrixController:dotmatrix|dot_col_buf[0][0] ;
; DotMatrixController:dotmatrix|dot_col_buf[2][1] ; Merged with DotMatrixController:dotmatrix|dot_col_buf[2][0] ;
; DotMatrixController:dotmatrix|dot_col_buf[3][0] ; Merged with DotMatrixController:dotmatrix|dot_col_buf[2][0] ;
; DotMatrixController:dotmatrix|dot_col_buf[3][1] ; Merged with DotMatrixController:dotmatrix|dot_col_buf[2][0] ;
; DotMatrixController:dotmatrix|dot_col_buf[4][1] ; Merged with DotMatrixController:dotmatrix|dot_col_buf[4][0] ;
; DotMatrixController:dotmatrix|dot_col_buf[5][0] ; Merged with DotMatrixController:dotmatrix|dot_col_buf[4][0] ;
; DotMatrixController:dotmatrix|dot_col_buf[5][1] ; Merged with DotMatrixController:dotmatrix|dot_col_buf[4][0] ;
; DotMatrixController:dotmatrix|dot_col_buf[6][1] ; Merged with DotMatrixController:dotmatrix|dot_col_buf[6][0] ;
; DotMatrixController:dotmatrix|dot_col_buf[7][0] ; Merged with DotMatrixController:dotmatrix|dot_col_buf[6][0] ;
; DotMatrixController:dotmatrix|dot_col_buf[7][1] ; Merged with DotMatrixController:dotmatrix|dot_col_buf[6][0] ;
; DotMatrixController:dotmatrix|dot_col_buf[0][3] ; Merged with DotMatrixController:dotmatrix|dot_col_buf[0][2] ;
; DotMatrixController:dotmatrix|dot_col_buf[1][2] ; Merged with DotMatrixController:dotmatrix|dot_col_buf[0][2] ;
; DotMatrixController:dotmatrix|dot_col_buf[1][3] ; Merged with DotMatrixController:dotmatrix|dot_col_buf[0][2] ;
; DotMatrixController:dotmatrix|dot_col_buf[2][3] ; Merged with DotMatrixController:dotmatrix|dot_col_buf[2][2] ;
; DotMatrixController:dotmatrix|dot_col_buf[3][2] ; Merged with DotMatrixController:dotmatrix|dot_col_buf[2][2] ;
; DotMatrixController:dotmatrix|dot_col_buf[3][3] ; Merged with DotMatrixController:dotmatrix|dot_col_buf[2][2] ;
; DotMatrixController:dotmatrix|dot_col_buf[4][3] ; Merged with DotMatrixController:dotmatrix|dot_col_buf[4][2] ;
; DotMatrixController:dotmatrix|dot_col_buf[5][2] ; Merged with DotMatrixController:dotmatrix|dot_col_buf[4][2] ;
; DotMatrixController:dotmatrix|dot_col_buf[5][3] ; Merged with DotMatrixController:dotmatrix|dot_col_buf[4][2] ;
; DotMatrixController:dotmatrix|dot_col_buf[6][3] ; Merged with DotMatrixController:dotmatrix|dot_col_buf[6][2] ;
; DotMatrixController:dotmatrix|dot_col_buf[7][2] ; Merged with DotMatrixController:dotmatrix|dot_col_buf[6][2] ;
; DotMatrixController:dotmatrix|dot_col_buf[7][3] ; Merged with DotMatrixController:dotmatrix|dot_col_buf[6][2] ;
; DotMatrixController:dotmatrix|dot_col_buf[0][5] ; Merged with DotMatrixController:dotmatrix|dot_col_buf[0][4] ;
; DotMatrixController:dotmatrix|dot_col_buf[1][4] ; Merged with DotMatrixController:dotmatrix|dot_col_buf[0][4] ;
; DotMatrixController:dotmatrix|dot_col_buf[1][5] ; Merged with DotMatrixController:dotmatrix|dot_col_buf[0][4] ;
; DotMatrixController:dotmatrix|dot_col_buf[2][5] ; Merged with DotMatrixController:dotmatrix|dot_col_buf[2][4] ;
; DotMatrixController:dotmatrix|dot_col_buf[3][4] ; Merged with DotMatrixController:dotmatrix|dot_col_buf[2][4] ;
; DotMatrixController:dotmatrix|dot_col_buf[3][5] ; Merged with DotMatrixController:dotmatrix|dot_col_buf[2][4] ;
; DotMatrixController:dotmatrix|dot_col_buf[4][5] ; Merged with DotMatrixController:dotmatrix|dot_col_buf[4][4] ;
; DotMatrixController:dotmatrix|dot_col_buf[5][4] ; Merged with DotMatrixController:dotmatrix|dot_col_buf[4][4] ;
; DotMatrixController:dotmatrix|dot_col_buf[5][5] ; Merged with DotMatrixController:dotmatrix|dot_col_buf[4][4] ;
; DotMatrixController:dotmatrix|dot_col_buf[6][5] ; Merged with DotMatrixController:dotmatrix|dot_col_buf[6][4] ;
; DotMatrixController:dotmatrix|dot_col_buf[7][4] ; Merged with DotMatrixController:dotmatrix|dot_col_buf[6][4] ;
; DotMatrixController:dotmatrix|dot_col_buf[7][5] ; Merged with DotMatrixController:dotmatrix|dot_col_buf[6][4] ;
; DotMatrixController:dotmatrix|dot_col_buf[0][7] ; Merged with DotMatrixController:dotmatrix|dot_col_buf[0][6] ;
; DotMatrixController:dotmatrix|dot_col_buf[1][6] ; Merged with DotMatrixController:dotmatrix|dot_col_buf[0][6] ;
; DotMatrixController:dotmatrix|dot_col_buf[1][7] ; Merged with DotMatrixController:dotmatrix|dot_col_buf[0][6] ;
; DotMatrixController:dotmatrix|dot_col_buf[2][7] ; Merged with DotMatrixController:dotmatrix|dot_col_buf[2][6] ;
; DotMatrixController:dotmatrix|dot_col_buf[3][6] ; Merged with DotMatrixController:dotmatrix|dot_col_buf[2][6] ;
; DotMatrixController:dotmatrix|dot_col_buf[3][7] ; Merged with DotMatrixController:dotmatrix|dot_col_buf[2][6] ;
; DotMatrixController:dotmatrix|dot_col_buf[4][7] ; Merged with DotMatrixController:dotmatrix|dot_col_buf[4][6] ;
; DotMatrixController:dotmatrix|dot_col_buf[5][6] ; Merged with DotMatrixController:dotmatrix|dot_col_buf[4][6] ;
; DotMatrixController:dotmatrix|dot_col_buf[5][7] ; Merged with DotMatrixController:dotmatrix|dot_col_buf[4][6] ;
; DotMatrixController:dotmatrix|dot_col_buf[6][7] ; Merged with DotMatrixController:dotmatrix|dot_col_buf[6][6] ;
; DotMatrixController:dotmatrix|dot_col_buf[7][6] ; Merged with DotMatrixController:dotmatrix|dot_col_buf[6][6] ;
; DotMatrixController:dotmatrix|dot_col_buf[7][7] ; Merged with DotMatrixController:dotmatrix|dot_col_buf[6][6] ;
; Total Number of Removed Registers = 48          ;                                                             ;
+-------------------------------------------------+-------------------------------------------------------------+


+------------------------------------------------------+
; General Register Statistics                          ;
+----------------------------------------------+-------+
; Statistic                                    ; Value ;
+----------------------------------------------+-------+
; Total registers                              ; 108   ;
; Number of registers using Synchronous Clear  ; 65    ;
; Number of registers using Synchronous Load   ; 0     ;
; Number of registers using Asynchronous Clear ; 75    ;
; Number of registers using Asynchronous Load  ; 0     ;
; Number of registers using Clock Enable       ; 8     ;
; Number of registers using Preset             ; 0     ;
+----------------------------------------------+-------+


+--------------------------------------------------+
; Inverted Register Statistics                     ;
+----------------------------------------+---------+
; Inverted Register                      ; Fan out ;
+----------------------------------------+---------+
; checkkeypad:check_pad|keypadRow[1]     ; 10      ;
; checkkeypad:check_pad|keypadRow[2]     ; 10      ;
; checkkeypad:check_pad|keypadRow[3]     ; 10      ;
; Total number of inverted registers = 3 ;         ;
+----------------------------------------+---------+


+----------------------------------------------------------------------------------------------------------------------------------------------------------------+
; Multiplexer Restructuring Statistics (Restructuring Performed)                                                                                                 ;
+--------------------+-----------+---------------+----------------------+------------------------+------------+--------------------------------------------------+
; Multiplexer Inputs ; Bus Width ; Baseline Area ; Area if Restructured ; Saving if Restructured ; Registered ; Example Multiplexer Output                       ;
+--------------------+-----------+---------------+----------------------+------------------------+------------+--------------------------------------------------+
; 3:1                ; 32 bits   ; 64 LEs        ; 0 LEs                ; 64 LEs                 ; Yes        ; |Lab11_KeyPad|FrequencyDivider2:clk2|count[16]   ;
; 256:1              ; 4 bits    ; 680 LEs       ; 40 LEs               ; 640 LEs                ; Yes        ; |Lab11_KeyPad|checkkeypad:check_pad|keypadBuf[0] ;
; 4:1                ; 4 bits    ; 8 LEs         ; 8 LEs                ; 0 LEs                  ; No         ; |Lab11_KeyPad|DotMatrixController:dotmatrix|Mux7 ;
+--------------------+-----------+---------------+----------------------+------------------------+------------+--------------------------------------------------+


+-----------------------------------------------------+
; Post-Synthesis Netlist Statistics for Top Partition ;
+-----------------------+-----------------------------+
; Type                  ; Count                       ;
+-----------------------+-----------------------------+
; arriav_ff             ; 108                         ;
;     CLR               ; 35                          ;
;     CLR SCLR          ; 32                          ;
;     ENA CLR           ; 8                           ;
;     SCLR              ; 33                          ;
; arriav_lcell_comb     ; 124                         ;
;     arith             ; 64                          ;
;         1 data inputs ; 64                          ;
;     normal            ; 60                          ;
;         1 data inputs ; 4                           ;
;         2 data inputs ; 5                           ;
;         3 data inputs ; 9                           ;
;         4 data inputs ; 21                          ;
;         6 data inputs ; 21                          ;
; boundary_port         ; 26                          ;
;                       ;                             ;
; Max LUT depth         ; 4.10                        ;
; Average LUT depth     ; 2.52                        ;
+-----------------------+-----------------------------+


+-------------------------------+
; Elapsed Time Per Partition    ;
+----------------+--------------+
; Partition Name ; Elapsed Time ;
+----------------+--------------+
; Top            ; 00:00:00     ;
+----------------+--------------+


+-------------------------------+
; Analysis & Synthesis Messages ;
+-------------------------------+
Info: *******************************************************************
Info: Running Quartus Prime Analysis & Synthesis
    Info: Version 16.1.0 Build 196 10/24/2016 SJ Lite Edition
    Info: Processing started: Tue Dec 06 15:49:09 2022
Info: Command: quartus_map --read_settings_files=on --write_settings_files=off Lab11_KeyPad -c Lab11_KeyPad
Warning (18236): Number of processors has not been specified which may cause overloading on shared machines.  Set the global assignment NUM_PARALLEL_PROCESSORS in your QSF to an appropriate value for best performance.
Info (20030): Parallel compilation is enabled and will use 8 of the 8 processors detected
Info (12021): Found 1 design units, including 1 entities, in source file lab11_keypad.v
    Info (12023): Found entity 1: Lab11_KeyPad File: C:/Users/user/Downloads/Lab11/Lab11_KeyPad.v Line: 1
Info (12021): Found 1 design units, including 1 entities, in source file frequencydivider.v
    Info (12023): Found entity 1: FrequencyDivider File: C:/Users/user/Downloads/Lab11/FrequencyDivider.v Line: 5
Info (12021): Found 1 design units, including 1 entities, in source file checkkeypad.v
    Info (12023): Found entity 1: checkkeypad File: C:/Users/user/Downloads/Lab11/checkkeypad.v Line: 1
Info (12021): Found 1 design units, including 1 entities, in source file dotmatrixcontroller.v
    Info (12023): Found entity 1: DotMatrixController File: C:/Users/user/Downloads/Lab11/DotMatrixController.v Line: 1
Warning (10274): Verilog HDL macro warning at FrequencyDivider2.v(4): overriding existing definition for macro "TimeExpire", which was defined in "FrequencyDivider.v", line 4 File: C:/Users/user/Downloads/Lab11/FrequencyDivider2.v Line: 4
Info (12021): Found 1 design units, including 1 entities, in source file frequencydivider2.v
    Info (12023): Found entity 1: FrequencyDivider2 File: C:/Users/user/Downloads/Lab11/FrequencyDivider2.v Line: 5
Info (12127): Elaborating entity "Lab11_KeyPad" for the top level hierarchy
Info (12128): Elaborating entity "FrequencyDivider" for hierarchy "FrequencyDivider:clk1" File: C:/Users/user/Downloads/Lab11/Lab11_KeyPad.v Line: 11
Warning (10230): Verilog HDL assignment warning at FrequencyDivider.v(17): truncated value with size 32 to match size of target (1) File: C:/Users/user/Downloads/Lab11/FrequencyDivider.v Line: 17
Info (12128): Elaborating entity "FrequencyDivider2" for hierarchy "FrequencyDivider2:clk2" File: C:/Users/user/Downloads/Lab11/Lab11_KeyPad.v Line: 12
Warning (10230): Verilog HDL assignment warning at FrequencyDivider2.v(17): truncated value with size 32 to match size of target (1) File: C:/Users/user/Downloads/Lab11/FrequencyDivider2.v Line: 17
Info (12128): Elaborating entity "checkkeypad" for hierarchy "checkkeypad:check_pad" File: C:/Users/user/Downloads/Lab11/Lab11_KeyPad.v Line: 14
Info (12128): Elaborating entity "DotMatrixController" for hierarchy "DotMatrixController:dotmatrix" File: C:/Users/user/Downloads/Lab11/Lab11_KeyPad.v Line: 15
Warning (10230): Verilog HDL assignment warning at DotMatrixController.v(20): truncated value with size 32 to match size of target (3) File: C:/Users/user/Downloads/Lab11/DotMatrixController.v Line: 20
Info (286030): Timing-Driven Synthesis is running
Info (144001): Generated suppressed messages file C:/Users/user/Downloads/Lab11/output_files/Lab11_KeyPad.map.smsg
Info (16010): Generating hard_block partition "hard_block:auto_generated_inst"
    Info (16011): Adding 0 node(s), including 0 DDIO, 0 PLL, 0 transceiver and 0 LCELL
Info (21057): Implemented 155 device resources after synthesis - the final resource count might be different
    Info (21058): Implemented 6 input pins
    Info (21059): Implemented 20 output pins
    Info (21061): Implemented 129 logic cells
Info: Quartus Prime Analysis & Synthesis was successful. 0 errors, 5 warnings
    Info: Peak virtual memory: 4860 megabytes
    Info: Processing ended: Tue Dec 06 15:49:16 2022
    Info: Elapsed time: 00:00:07
    Info: Total CPU time (on all processors): 00:00:17


+------------------------------------------+
; Analysis & Synthesis Suppressed Messages ;
+------------------------------------------+
The suppressed messages can be found in C:/Users/user/Downloads/Lab11/output_files/Lab11_KeyPad.map.smsg.


